<?xml version="1.0" encoding="UTF-8"?>
<!-- Generated by org.testng.reporters.JUnitReportReporter -->
<testsuite hostname="DESKTOP-5S7KLM1" name="appTest" tests="1" failures="0" timestamp="6 Dec 2019 23:59:57 GMT" time="0.008" errors="0">
  <testcase name="testapp" time="0.008" classname="appTest"/>
</testsuite> <!-- appTest -->
